app/build/intermediates/manifest_merge_blame_file/debug/manifest-merger-blame-debug-report.txt
1<?xml version="1.0" encoding="utf-8"?>
2<manifest xmlns:android="http://schemas.android.com/apk/res/android"
3    package="at.tacticaldevc.panictrigger"
4    android:versionCode="10"
5    android:versionName="v0.5" >
6
7    <uses-sdk
8        android:minSdkVersion="23"
8-->src\main\AndroidManifest.xml
9        android:targetSdkVersion="28" />
9-->src\main\AndroidManifest.xml
10
11    <uses-feature
11-->src\main\AndroidManifest.xml:6:5-8:36
12        android:name="android.hardware.telephony"
12-->src\main\AndroidManifest.xml:7:9-50
13        android:required="false" />
13-->src\main\AndroidManifest.xml:8:9-33
14    <uses-feature android:name="android.hardware.location.gps" />
14-->src\main\AndroidManifest.xml:9:5-66
14-->src\main\AndroidManifest.xml:9:19-63
15
16    <uses-permission android:name="android.permission.RECEIVE_SMS" />
16-->src\main\AndroidManifest.xml:11:5-70
16-->src\main\AndroidManifest.xml:11:22-67
17    <uses-permission android:name="android.permission.SEND_SMS" />
17-->src\main\AndroidManifest.xml:12:5-67
17-->src\main\AndroidManifest.xml:12:22-64
18    <uses-permission android:name="android.permission.ACCESS_FINE_LOCATION" />
18-->src\main\AndroidManifest.xml:13:5-79
18-->src\main\AndroidManifest.xml:13:22-76
19    <uses-permission android:name="android.permission.CALL_PHONE" />
19-->src\main\AndroidManifest.xml:14:5-69
19-->src\main\AndroidManifest.xml:14:22-66
20    <uses-permission android:name="android.permission.INTERNET" />
20-->src\main\AndroidManifest.xml:15:5-67
20-->src\main\AndroidManifest.xml:15:22-64
21    <uses-permission android:name="android.permission.ACCESS_NETWORK_STATE" />
21-->src\main\AndroidManifest.xml:16:5-79
21-->src\main\AndroidManifest.xml:16:22-76
22    <uses-permission android:name="android.permission.WRITE_EXTERNAL_STORAGE" />
22-->src\main\AndroidManifest.xml:17:5-81
22-->src\main\AndroidManifest.xml:17:22-78
23    <uses-permission android:name="android.permission.VIBRATE" />
23-->src\main\AndroidManifest.xml:18:5-65
23-->src\main\AndroidManifest.xml:18:22-63
24
25    <supports-screens
25-->[org.osmdroid:osmdroid-android:6.0.3] AndroidManifest.xml:11:5-14:40
26        android:anyDensity="true"
26-->[org.osmdroid:osmdroid-android:6.0.3] AndroidManifest.xml:12:9-34
27        android:largeScreens="true"
27-->[org.osmdroid:osmdroid-android:6.0.3] AndroidManifest.xml:13:9-36
28        android:normalScreens="true" />
28-->[org.osmdroid:osmdroid-android:6.0.3] AndroidManifest.xml:14:9-37
29
30    <uses-feature
30-->[org.osmdroid:osmdroid-android:6.0.3] AndroidManifest.xml:16:5-18:36
31        android:name="android.hardware.location.network"
31-->[org.osmdroid:osmdroid-android:6.0.3] AndroidManifest.xml:17:9-57
32        android:required="false" />
32-->[org.osmdroid:osmdroid-android:6.0.3] AndroidManifest.xml:18:9-33
33    <uses-feature
33-->[org.osmdroid:osmdroid-android:6.0.3] AndroidManifest.xml:25:5-27:36
34        android:name="android.hardware.wifi"
34-->[org.osmdroid:osmdroid-android:6.0.3] AndroidManifest.xml:26:9-45
35        android:required="false" /> <!-- <uses-permission android:name="android.permission.READ_CONTACTS"/> -->
35-->[org.osmdroid:osmdroid-android:6.0.3] AndroidManifest.xml:27:9-33
36    <application
36-->src\main\AndroidManifest.xml:21:5-49:19
37        android:allowBackup="true"
37-->src\main\AndroidManifest.xml:22:9-35
38        android:appComponentFactory="android.support.v4.app.CoreComponentFactory"
38-->[com.android.support:support-compat:28.0.0] AndroidManifest.xml:22:18-91
39        android:debuggable="true"
40        android:extractNativeLibs="false"
41        android:icon="@drawable/ic_logo"
41-->src\main\AndroidManifest.xml:23:9-41
42        android:label="@string/app_name"
42-->src\main\AndroidManifest.xml:24:9-41
43        android:roundIcon="@drawable/ic_logo"
43-->src\main\AndroidManifest.xml:25:9-46
44        android:supportsRtl="true"
44-->src\main\AndroidManifest.xml:26:9-35
45        android:testOnly="true"
46        android:theme="@style/AppTheme" >
46-->src\main\AndroidManifest.xml:27:9-40
47        <activity android:name="at.tacticaldevc.panictrigger.TriggerActivity" >
47-->src\main\AndroidManifest.xml:29:9-35:20
47-->src\main\AndroidManifest.xml:29:19-50
48            <intent-filter>
48-->src\main\AndroidManifest.xml:30:13-34:29
49                <action android:name="android.intent.action.MAIN" />
49-->src\main\AndroidManifest.xml:31:17-69
49-->src\main\AndroidManifest.xml:31:25-66
50
51                <category android:name="android.intent.category.LAUNCHER" />
51-->src\main\AndroidManifest.xml:33:17-77
51-->src\main\AndroidManifest.xml:33:27-74
52            </intent-filter>
53        </activity>
54
55        <receiver android:name="at.tacticaldevc.panictrigger.SMSListener" >
55-->src\main\AndroidManifest.xml:37:9-41:20
55-->src\main\AndroidManifest.xml:37:19-46
56            <intent-filter>
56-->src\main\AndroidManifest.xml:38:13-40:29
57                <action android:name="android.provider.Telephony.SMS_RECEIVED" />
57-->src\main\AndroidManifest.xml:39:17-82
57-->src\main\AndroidManifest.xml:39:25-79
58            </intent-filter>
59        </receiver>
60
61        <activity android:name="at.tacticaldevc.panictrigger.SettingsActivity" />
61-->src\main\AndroidManifest.xml:43:9-54
61-->src\main\AndroidManifest.xml:43:19-51
62        <activity
62-->src\main\AndroidManifest.xml:44:9-47:47
63            android:name="at.tacticaldevc.panictrigger.ContactPickerActivity"
63-->src\main\AndroidManifest.xml:45:13-50
64            android:label="@string/title_activity_contact_picker"
64-->src\main\AndroidManifest.xml:46:13-66
65            android:theme="@style/AppTheme" />
65-->src\main\AndroidManifest.xml:47:13-44
66        <activity android:name="at.tacticaldevc.panictrigger.MapActivity" />
66-->src\main\AndroidManifest.xml:48:9-58
66-->src\main\AndroidManifest.xml:48:19-46
67    </application>
68
69</manifest>